I, [2016-06-05T20:06:02.115326 #20278]  INFO -- default-centos-67: -----> Creating <default-centos-67>...
I, [2016-06-05T20:06:03.711303 #20278]  INFO -- default-centos-67: Bringing machine 'default' up with 'virtualbox' provider...
I, [2016-06-05T20:06:04.185814 #20278]  INFO -- default-centos-67: ==> default: Importing base box 'bento/centos-6.7'...
I, [2016-06-05T20:06:09.050035 #20278]  INFO -- default-centos-67: [KProgress: 10%[KProgress: 20%[KProgress: 40%[KProgress: 50%[KProgress: 60%[KProgress: 70%[KProgress: 80%[KProgress: 90%[K==> default: Matching MAC address for NAT networking...
I, [2016-06-05T20:06:09.234011 #20278]  INFO -- default-centos-67: ==> default: Checking if box 'bento/centos-6.7' is up to date...
I, [2016-06-05T20:06:12.223729 #20278]  INFO -- default-centos-67: ==> default: Setting the name of the VM: kitchen-icinga2-default-centos-67_default_1465137372178_68412
I, [2016-06-05T20:06:12.914253 #20278]  INFO -- default-centos-67: ==> default: Clearing any previously set network interfaces...
I, [2016-06-05T20:06:12.972717 #20278]  INFO -- default-centos-67: ==> default: Preparing network interfaces based on configuration...
I, [2016-06-05T20:06:12.973237 #20278]  INFO -- default-centos-67:     default: Adapter 1: nat
I, [2016-06-05T20:06:13.035821 #20278]  INFO -- default-centos-67: ==> default: Forwarding ports...
I, [2016-06-05T20:06:13.124267 #20278]  INFO -- default-centos-67:     default: 22 (guest) => 2222 (host) (adapter 1)
I, [2016-06-05T20:06:13.272415 #20278]  INFO -- default-centos-67: ==> default: Booting VM...
I, [2016-06-05T20:06:13.560358 #20278]  INFO -- default-centos-67: ==> default: Waiting for machine to boot. This may take a few minutes...
I, [2016-06-05T20:06:13.930696 #20278]  INFO -- default-centos-67:     default: SSH address: 127.0.0.1:2222
I, [2016-06-05T20:06:13.930841 #20278]  INFO -- default-centos-67:     default: SSH username: vagrant
I, [2016-06-05T20:06:13.931310 #20278]  INFO -- default-centos-67:     default: SSH auth method: private key
I, [2016-06-05T20:06:37.764824 #20278]  INFO -- default-centos-67:     default: 
I, [2016-06-05T20:06:37.764897 #20278]  INFO -- default-centos-67:     default: Vagrant insecure key detected. Vagrant will automatically replace
I, [2016-06-05T20:06:37.764927 #20278]  INFO -- default-centos-67:     default: this with a newly generated keypair for better security.
I, [2016-06-05T20:06:38.412753 #20278]  INFO -- default-centos-67:     default: 
I, [2016-06-05T20:06:38.412817 #20278]  INFO -- default-centos-67:     default: Inserting generated public key within guest...
I, [2016-06-05T20:06:38.576438 #20278]  INFO -- default-centos-67:     default: Removing insecure key from the guest if it's present...
I, [2016-06-05T20:06:38.687163 #20278]  INFO -- default-centos-67:     default: Key inserted! Disconnecting and reconnecting using new SSH key...
I, [2016-06-05T20:06:39.657552 #20278]  INFO -- default-centos-67: ==> default: Machine booted and ready!
I, [2016-06-05T20:06:39.657896 #20278]  INFO -- default-centos-67: ==> default: Checking for guest additions in VM...
I, [2016-06-05T20:06:39.703167 #20278]  INFO -- default-centos-67: ==> default: Setting hostname...
I, [2016-06-05T20:06:43.548675 #20278]  INFO -- default-centos-67: ==> default: Machine not provisioned because `--no-provision` is specified.
I, [2016-06-05T20:06:46.040343 #20278]  INFO -- default-centos-67: [SSH] Established
I, [2016-06-05T20:06:46.040824 #20278]  INFO -- default-centos-67: Vagrant instance <default-centos-67> created.
I, [2016-06-05T20:06:46.042226 #20278]  INFO -- default-centos-67: Finished creating <default-centos-67> (0m43.93s).
